Start testing: Sep 11 16:40 CEST
----------------------------------------------------------
6/6 Testing: test_vmnorm_fnorm
6/6 Test: test_vmnorm_fnorm
Command: "/Users/adisorn/Desktop/Codes/Library/lsoda-cxx-modern/build/test_vmnorm_fnorm"
Directory: /Users/adisorn/Desktop/Codes/Library/lsoda-cxx-modern/build
"test_vmnorm_fnorm" start time: Sep 11 16:40 CEST
Output:
----------------------------------------------------------
51.9374
<end of output>
Test time =   0.16 sec
----------------------------------------------------------
Test Passed.
"test_vmnorm_fnorm" end time: Sep 11 16:40 CEST
"test_vmnorm_fnorm" time elapsed: 00:00:00
----------------------------------------------------------

End testing: Sep 11 16:40 CEST
