<?xml version="1.0" encoding="UTF-8"?>
<Site BuildName="(empty)"
	BuildStamp="20240911-1438-Experimental"
	Name="(empty)"
	Generator="ctest-3.20.5"
	CompilerName=""
	CompilerVersion=""
	OSName="macOS"
	Hostname="MB 22-54"
	OSRelease="14.6.1"
	OSVersion="23G93"
	OSPlatform="arm64"
	Is64Bits="1"
	VendorString="IBM"
	VendorID="IBM"
	FamilyID="16777228"
	ModelID="2"
	ProcessorCacheSize="131072"
	NumberOfLogicalCPU="10"
	NumberOfPhysicalCPU="10"
	TotalVirtualMemory="2048"
	TotalPhysicalMemory="16384"
	LogicalProcessorsPerPhysical="10"
	ProcessorClockFrequency="0"
	>
	<Testing>
		<StartDateTime>Sep 11 16:40 CEST</StartDateTime>
		<StartTestTime>1726065620</StartTestTime>
		<TestList>
			<Test>./test_vmnorm_fnorm</Test>
		</TestList>
		<Test Status="passed">
			<Name>test_vmnorm_fnorm</Name>
			<Path>.</Path>
			<FullName>./test_vmnorm_fnorm</FullName>
			<FullCommandLine>/Users/adisorn/Desktop/Codes/Library/lsoda-cxx-modern/build/test_vmnorm_fnorm</FullCommandLine>
			<Results>
				<NamedMeasurement type="numeric/double" name="Execution Time">
					<Value>0.158512</Value>
				</NamedMeasurement>
				<NamedMeasurement type="numeric/double" name="Processors">
					<Value>1</Value>
				</NamedMeasurement>
				<NamedMeasurement type="text/string" name="Completion Status">
					<Value>Completed</Value>
				</NamedMeasurement>
				<NamedMeasurement type="text/string" name="Command Line">
					<Value>/Users/adisorn/Desktop/Codes/Library/lsoda-cxx-modern/build/test_vmnorm_fnorm</Value>
				</NamedMeasurement>
				<NamedMeasurement type="text/string" name="Environment">
					<Value>#CTEST_RESOURCE_GROUP_COUNT=</Value>
				</NamedMeasurement>
				<Measurement>
					<Value>51.9374
</Value>
				</Measurement>
			</Results>
		</Test>
		<EndDateTime>Sep 11 16:40 CEST</EndDateTime>
		<EndTestTime>1726065620</EndTestTime>
		<ElapsedMinutes>0</ElapsedMinutes>
	</Testing>
</Site>
