<?xml version="1.0" encoding="UTF-8"?>
<Site BuildName="(empty)"
	BuildStamp="20240911-0004-Experimental"
	Name="(empty)"
	Generator="ctest-3.20.5"
	CompilerName=""
	CompilerVersion=""
	OSName="macOS"
	Hostname="MB 22-54"
	OSRelease="14.6.1"
	OSVersion="23G93"
	OSPlatform="arm64"
	Is64Bits="1"
	VendorString="IBM"
	VendorID="IBM"
	FamilyID="16777228"
	ModelID="2"
	ProcessorCacheSize="131072"
	NumberOfLogicalCPU="10"
	NumberOfPhysicalCPU="10"
	TotalVirtualMemory="2048"
	TotalPhysicalMemory="16384"
	LogicalProcessorsPerPhysical="10"
	ProcessorClockFrequency="0"
	>
	<Testing>
		<StartDateTime>Sep 11 13:15 CEST</StartDateTime>
		<StartTestTime>1726053328</StartTestTime>
		<TestList/>
		<EndDateTime>Sep 11 13:15 CEST</EndDateTime>
		<EndTestTime>1726053328</EndTestTime>
		<ElapsedMinutes>0</ElapsedMinutes>
	</Testing>
</Site>
