<?xml version="1.0" encoding="UTF-8"?>
<Site BuildName="(empty)"
	BuildStamp="20240909-1653-Experimental"
	Name="(empty)"
	Generator="ctest-3.20.5"
	CompilerName=""
	CompilerVersion=""
	OSName="macOS"
	Hostname="MB 22-54"
	OSRelease="14.6.1"
	OSVersion="23G93"
	OSPlatform="arm64"
	Is64Bits="1"
	VendorString="IBM"
	VendorID="IBM"
	FamilyID="16777228"
	ModelID="2"
	ProcessorCacheSize="131072"
	NumberOfLogicalCPU="10"
	NumberOfPhysicalCPU="10"
	TotalVirtualMemory="1024"
	TotalPhysicalMemory="16384"
	LogicalProcessorsPerPhysical="10"
	ProcessorClockFrequency="0"
	>
	<Testing>
		<StartDateTime>Sep 09 19:38 CEST</StartDateTime>
		<StartTestTime>1725903496</StartTestTime>
		<TestList/>
		<EndDateTime>Sep 09 19:38 CEST</EndDateTime>
		<EndTestTime>1725903496</EndTestTime>
		<ElapsedMinutes>0</ElapsedMinutes>
	</Testing>
</Site>
